Arguments: 
  /usr/local/bin/node /Users/thomastheocharis/.yarn/releases/yarn-1.23.0-20220130.1630.cjs add -D --ignore-workspace-root-check @storybook/react@^6.4.19 @storybook/addon-links@^6.4.19 @storybook/addon-essentials@^6.4.19 @storybook/addon-actions@^6.4.19 @storybook/addon-interactions@^6.4.19 @storybook/testing-library@^0.0.9 @babel/core@^7.17.8 babel-loader@^8.2.3

PATH: 
  /Users/thomastheocharis/Documents/Code/React/recompo/node_modules/.bin:/Users/thomastheocharis/Documents/Code/React/node_modules/.bin:/Users/thomastheocharis/Documents/Code/node_modules/.bin:/Users/thomastheocharis/Documents/node_modules/.bin:/Users/thomastheocharis/node_modules/.bin:/Users/node_modules/.bin:/node_modules/.bin:/usr/local/lib/node_modules/npm/node_modules/@npmcli/run-script/lib/node-gyp-bin:/Users/thomastheocharis/.npm/_npx/d28cfb4b54958d89/node_modules/.bin:/Users/thomastheocharis/.bun/bin:/Users/thomastheocharis/.deno/bin:/Users/thomastheocharis/.cargo/bin:/Applications/Visual Studio Code.app/Contents/Resources/app/bin:/usr/local/bin:/usr/bin:/bin:/usr/sbin:/sbin:/Library/Apple/usr/bin:/Library/Frameworks/Mono.framework/Versions/Current/Commands:/Users/thomastheocharis/.yarn/bin:/Users/thomastheocharis/.dotnet/tools:/usr/local/gradle/bin:/usr/local/gradle3/bin:/usr/local/go/bin:/usr/local/flutter/bin:/usr/local/android/cmdline-tools/latest/bin:/usr/local/android/platform-tools:/usr/local/android/emulator:/usr/local/vcpkg

Yarn version: 
  1.23.0-20220130.1630

Node version: 
  16.13.2

Platform: 
  darwin x64

Trace: 
  Error: ENOENT: no such file or directory, scandir '/Users/thomastheocharis/Documents/Code/React/recompo/node_modules/core-js-pure'

npm manifest: 
  {
    "name": "recompo",
    "version": "1.0.0",
    "author": "recompo",
    "main": "dist/index.js",
    "license": "MIT",
    "repository": {
      "type": "git",
      "url": "https://github.com/recompo/recompo"
    },
    "scripts": {
      "dev": "rollup --watch -c rollup.config.js",
      "build": "rollup",
      "storybook": "start-storybook -p 6006",
      "build-storybook": "build-storybook"
    },
    "devDependencies": {
      "@swc/core": "^1.2.159",
      "@types/react": "^17.0.41",
      "sass": "^1.49.9",
      "swc-loader": "^0.1.15",
      "typescript": "^4.6.2"
    },
    "peerDependencies": {
      "react": "^17.0.2",
      "react-dom": "^17.0.2",
      "webpack": "^5.70.0"
    }
  }

yarn manifest: 
  No manifest

Lockfile: 
  # THIS IS AN AUTOGENERATED FILE. DO NOT EDIT THIS FILE DIRECTLY.
  # yarn lockfile v1
  
  
  "@swc/core-android-arm-eabi@1.2.159":
    version "1.2.159"
    resolved "https://registry.yarnpkg.com/@swc/core-android-arm-eabi/-/core-android-arm-eabi-1.2.159.tgz#020b3a018ba912d90f0630ca8171cb1993377433"
    integrity sha512-OIHGUjHIgow0TRWQpoKzAKAzdOmZPK/aVSkctWdMJvAc0Oj6yxlj35UfOtdifJJxRej/KEMZpFeQTJ69ezycuQ==
  
  "@swc/core-android-arm64@1.2.159":
    version "1.2.159"
    resolved "https://registry.yarnpkg.com/@swc/core-android-arm64/-/core-android-arm64-1.2.159.tgz#438c396b01d4371e36ac4ff2f917e425df927a7b"
    integrity sha512-zKMq4/a62usmD+CTEpyNNN57LBGHJMK2s2KDcU7Vu/tHoHKGkFYQi7PYBw3t6+tCyPfwoo20NONOiYZv6dm36Q==
  
  "@swc/core-darwin-arm64@1.2.159":
    version "1.2.159"
    resolved "https://registry.yarnpkg.com/@swc/core-darwin-arm64/-/core-darwin-arm64-1.2.159.tgz#58eb17200621c29ff5757f43478c87bab5166e0b"
    integrity sha512-vZJmK7Baph2UCUIrArEt4RxnvK87OF8TSUe8VNgYPIFtoCEA6ttKXnndCI5kUKPvakpAg4NoHs1mm/x7gVZVVQ==
  
  "@swc/core-darwin-x64@1.2.159":
    version "1.2.159"
    resolved "https://registry.yarnpkg.com/@swc/core-darwin-x64/-/core-darwin-x64-1.2.159.tgz#fcf7ce53024c16255e91d10980fbda6799cc3476"
    integrity sha512-hhJ336eq9QMv8PTnrCfY99xhdf8LH8RquLLfVV+XwbeXGF23fJJrsjQgv9rTC5aadIh6AxR2cHgCm4CGU/Xs0w==
  
  "@swc/core-freebsd-x64@1.2.159":
    version "1.2.159"
    resolved "https://registry.yarnpkg.com/@swc/core-freebsd-x64/-/core-freebsd-x64-1.2.159.tgz#84411aa22ac584e2141cfb8de249cd9e52204084"
    integrity sha512-ZwJcA38AEmQp4OCkYOZD/5FjSU1VEMX/iMISEGUwDEE7d4CypFFP3mCpk5JAVEWJIhdYjgfo2SY8v9PfoSmBDg==
  
  "@swc/core-linux-arm-gnueabihf@1.2.159":
    version "1.2.159"
    resolved "https://registry.yarnpkg.com/@swc/core-linux-arm-gnueabihf/-/core-linux-arm-gnueabihf-1.2.159.tgz#744fad70e871ac045867b5a4eb76d216d86b6b69"
    integrity sha512-M1QF8BBrbuXkw+T8U4xjMhGvjog83pA40PfZknGk+czQFJcNo4mq5hxMPalRbLN6olMoZNI6EM5a6zSocoDXEg==
  
  "@swc/core-linux-arm64-gnu@1.2.159":
    version "1.2.159"
    resolved "https://registry.yarnpkg.com/@swc/core-linux-arm64-gnu/-/core-linux-arm64-gnu-1.2.159.tgz#ab324d79871ba4414e84a9e7e1c7399483079c39"
    integrity sha512-1uCMSEfzXtJHnuQoYHuHvzmBQ4/YlEcPydRMpc8/nO/svRGAHUZPKIz887tNk0nVtlF4Kil/LTrG+Wqxrp9z7A==
  
  "@swc/core-linux-arm64-musl@1.2.159":
    version "1.2.159"
    resolved "https://registry.yarnpkg.com/@swc/core-linux-arm64-musl/-/core-linux-arm64-musl-1.2.159.tgz#a9f957666ea2603ce7865cf9ff91ce63c1ffbe7c"
    integrity sha512-FE+LyayWD55ESq0bV40x+Lmse7UyI/hhfrO/wvEs3v97z+fRhzPvcPAw38MoW2DVazPw3GotuBIf6Y5XkFO+fg==
  
  "@swc/core-linux-x64-gnu@1.2.159":
    version "1.2.159"
    resolved "https://registry.yarnpkg.com/@swc/core-linux-x64-gnu/-/core-linux-x64-gnu-1.2.159.tgz#36d5483673a96649ac5898a3b4b864b3b036f536"
    integrity sha512-O7pH2A+ENjCuvMuKjv6UoIBsmwAbrTi+45WFL1snqCDZw+4p3WutFUSlhEW72uI6CEdb4kfZG0lajW2/Qbkuvg==
  
  "@swc/core-linux-x64-musl@1.2.159":
    version "1.2.159"
    resolved "https://registry.yarnpkg.com/@swc/core-linux-x64-musl/-/core-linux-x64-musl-1.2.159.tgz#a74d026cdd59118b348c0cd2c2d889d2bea67ec5"
    integrity sha512-Se1EccOiN4h8/SaTZFVp7VoSUNR7ENmAmpVNROKnfZGb589THpLlC5MZtp5EFYDaLjpLHypVeqw0OO4tgwsL4w==
  
  "@swc/core-win32-arm64-msvc@1.2.159":
    version "1.2.159"
    resolved "https://registry.yarnpkg.com/@swc/core-win32-arm64-msvc/-/core-win32-arm64-msvc-1.2.159.tgz#18488c44e09ad659cc9696ccd481f2dfd013ba61"
    integrity sha512-nKv1ksT3+V3xhPRXFr5Eeg0b93dqpGzKIoC13WwC0jRYbD0/SZwwcTU/XUZcm4MWQI8CG+PwwhO3SLMo747eqw==
  
  "@swc/core-win32-ia32-msvc@1.2.159":
    version "1.2.159"
    resolved "https://registry.yarnpkg.com/@swc/core-win32-ia32-msvc/-/core-win32-ia32-msvc-1.2.159.tgz#2c22f15303a133f6651f6b89e360e00a7f23eb17"
    integrity sha512-24khotmSwFF2rEUeXPdqaTSOrIylroEx8MfuyG1BxfYfol+B9QyG8YqDyz713YM9dJYgs7JKuSfkK8qGQ2MbYA==
  
  "@swc/core-win32-x64-msvc@1.2.159":
    version "1.2.159"
    resolved "https://registry.yarnpkg.com/@swc/core-win32-x64-msvc/-/core-win32-x64-msvc-1.2.159.tgz#f6c052ea50cb026c3af0993a46e018c3cbc42da8"
    integrity sha512-Z/hcfe1DRcOQgnxZcnYy8d4lxZi1IHI2FeeRwDWtKn28cSaPca1acZVb4qA0hSfqsftKo0zTgLro6oh9gWxFng==
  
  "@swc/core@^1.2.159":
    version "1.2.159"
    resolved "https://registry.yarnpkg.com/@swc/core/-/core-1.2.159.tgz#e4c884a00c34c9b0ce4d2669d75b3f5d1c87aea9"
    integrity sha512-y+z+c4IelqaxvpQrc8hYdEpuvP1BVS9Fe5t8P8/yyP1oSrJkrLibROX4dHujg4EekFQhPCUjA29NawC4D08IQA==
    optionalDependencies:
      "@swc/core-android-arm-eabi" "1.2.159"
      "@swc/core-android-arm64" "1.2.159"
      "@swc/core-darwin-arm64" "1.2.159"
      "@swc/core-darwin-x64" "1.2.159"
      "@swc/core-freebsd-x64" "1.2.159"
      "@swc/core-linux-arm-gnueabihf" "1.2.159"
      "@swc/core-linux-arm64-gnu" "1.2.159"
      "@swc/core-linux-arm64-musl" "1.2.159"
      "@swc/core-linux-x64-gnu" "1.2.159"
      "@swc/core-linux-x64-musl" "1.2.159"
      "@swc/core-win32-arm64-msvc" "1.2.159"
      "@swc/core-win32-ia32-msvc" "1.2.159"
      "@swc/core-win32-x64-msvc" "1.2.159"
  
  "@types/prop-types@*":
    version "15.7.4"
    resolved "https://registry.yarnpkg.com/@types/prop-types/-/prop-types-15.7.4.tgz#fcf7205c25dff795ee79af1e30da2c9790808f11"
    integrity sha512-rZ5drC/jWjrArrS8BR6SIr4cWpW09RNTYt9AMZo3Jwwif+iacXAqgVjm0B0Bv/S1jhDXKHqRVNCbACkJ89RAnQ==
  
  "@types/react@^17.0.41":
    version "17.0.41"
    resolved "https://registry.yarnpkg.com/@types/react/-/react-17.0.41.tgz#6e179590d276394de1e357b3f89d05d7d3da8b85"
    integrity sha512-chYZ9ogWUodyC7VUTRBfblysKLjnohhFY9bGLwvnUFFy48+vB9DikmB3lW0qTFmBcKSzmdglcvkHK71IioOlDA==
    dependencies:
      "@types/prop-types" "*"
      "@types/scheduler" "*"
      csstype "^3.0.2"
  
  "@types/scheduler@*":
    version "0.16.2"
    resolved "https://registry.yarnpkg.com/@types/scheduler/-/scheduler-0.16.2.tgz#1a62f89525723dde24ba1b01b092bf5df8ad4d39"
    integrity sha512-hppQEBDmlwhFAXKJX2KnWLYu5yMfi91yazPb2l+lbJiwW+wdo1gNeRA+3RgNSO39WYX2euey41KEwnqesU2Jew==
  
  anymatch@~3.1.2:
    version "3.1.2"
    resolved "https://registry.yarnpkg.com/anymatch/-/anymatch-3.1.2.tgz#c0557c096af32f106198f4f4e2a383537e378716"
    integrity sha512-P43ePfOAIupkguHUycrc4qJ9kz8ZiuOUijaETwX7THt0Y/GNK7v0aa8rY816xWjZ7rJdA5XdMcpVFTKMq+RvWg==
    dependencies:
      normalize-path "^3.0.0"
      picomatch "^2.0.4"
  
  big.js@^5.2.2:
    version "5.2.2"
    resolved "https://registry.yarnpkg.com/big.js/-/big.js-5.2.2.tgz#65f0af382f578bcdc742bd9c281e9cb2d7768328"
    integrity sha512-vyL2OymJxmarO8gxMr0mhChsO9QGwhynfuu4+MHTAW6czfq9humCB7rKpUjDd9YUiDPU4mzpyupFSvOClAwbmQ==
  
  binary-extensions@^2.0.0:
    version "2.2.0"
    resolved "https://registry.yarnpkg.com/binary-extensions/-/binary-extensions-2.2.0.tgz#75f502eeaf9ffde42fc98829645be4ea76bd9e2d"
    integrity sha512-jDctJ/IVQbZoJykoeHbhXpOlNBqGNcwXJKJog42E5HDPUwQTSdjCHdihjj0DlnheQ7blbT6dHOafNAiS8ooQKA==
  
  braces@~3.0.2:
    version "3.0.2"
    resolved "https://registry.yarnpkg.com/braces/-/braces-3.0.2.tgz#3454e1a462ee8d599e236df336cd9ea4f8afe107"
    integrity sha512-b8um+L1RzM3WDSzvhm6gIz1yfTbBt6YTlcEKAvsmqCZZFw46z626lVj9j1yEPW33H5H+lBQpZMP1k8l+78Ha0A==
    dependencies:
      fill-range "^7.0.1"
  
  "chokidar@>=3.0.0 <4.0.0":
    version "3.5.3"
    resolved "https://registry.yarnpkg.com/chokidar/-/chokidar-3.5.3.tgz#1cf37c8707b932bd1af1ae22c0432e2acd1903bd"
    integrity sha512-Dr3sfKRP6oTcjf2JmUmFJfeVMvXBdegxB0iVQ5eb2V10uFJUCAS8OByZdVAyVb8xXNz3GjjTgj9kLWsZTqE6kw==
    dependencies:
      anymatch "~3.1.2"
      braces "~3.0.2"
      glob-parent "~5.1.2"
      is-binary-path "~2.1.0"
      is-glob "~4.0.1"
      normalize-path "~3.0.0"
      readdirp "~3.6.0"
    optionalDependencies:
      fsevents "~2.3.2"
  
  csstype@^3.0.2:
    version "3.0.11"
    resolved "https://registry.yarnpkg.com/csstype/-/csstype-3.0.11.tgz#d66700c5eacfac1940deb4e3ee5642792d85cd33"
    integrity sha512-sa6P2wJ+CAbgyy4KFssIb/JNMLxFvKF1pCYCSXS8ZMuqZnMsrxqI2E5sPyoTpxoPU/gVZMzr2zjOfg8GIZOMsw==
  
  emojis-list@^3.0.0:
    version "3.0.0"
    resolved "https://registry.yarnpkg.com/emojis-list/-/emojis-list-3.0.0.tgz#5570662046ad29e2e916e71aae260abdff4f6a78"
    integrity sha512-/kyM18EfinwXZbno9FyUGeFh87KC8HRQBQGildHZbEuRyWFOmv1U10o9BBp8XVZDVNNuQKyIGIu5ZYAAXJ0V2Q==
  
  fill-range@^7.0.1:
    version "7.0.1"
    resolved "https://registry.yarnpkg.com/fill-range/-/fill-range-7.0.1.tgz#1919a6a7c75fe38b2c7c77e5198535da9acdda40"
    integrity sha512-qOo9F+dMUmC2Lcb4BbVvnKJxTPjCm+RRpe4gDuGrzkL7mEVl/djYSu2OdQ2Pa302N4oqkSg9ir6jaLWJ2USVpQ==
    dependencies:
      to-regex-range "^5.0.1"
  
  fsevents@~2.3.2:
    version "2.3.2"
    resolved "https://registry.yarnpkg.com/fsevents/-/fsevents-2.3.2.tgz#8a526f78b8fdf4623b709e0b975c52c24c02fd1a"
    integrity sha512-xiqMQR4xAeHTuB9uWm+fFRcIOgKBMiOBP+eXiyT7jsgVCq1bkVygt00oASowB7EdtpOHaaPgKt812P9ab+DDKA==
  
  glob-parent@~5.1.2:
    version "5.1.2"
    resolved "https://registry.yarnpkg.com/glob-parent/-/glob-parent-5.1.2.tgz#869832c58034fe68a4093c17dc15e8340d8401c4"
    integrity sha512-AOIgSQCepiJYwP3ARnGx+5VnTu2HBYdzbGP45eLw1vr3zB3vZLeyed1sC9hnbcOc9/SrMyM5RPQrkGz4aS9Zow==
    dependencies:
      is-glob "^4.0.1"
  
  immutable@^4.0.0:
    version "4.0.0"
    resolved "https://registry.yarnpkg.com/immutable/-/immutable-4.0.0.tgz#b86f78de6adef3608395efb269a91462797e2c23"
    integrity sha512-zIE9hX70qew5qTUjSS7wi1iwj/l7+m54KWU247nhM3v806UdGj1yDndXj+IOYxxtW9zyLI+xqFNZjTuDaLUqFw==
  
  is-binary-path@~2.1.0:
    version "2.1.0"
    resolved "https://registry.yarnpkg.com/is-binary-path/-/is-binary-path-2.1.0.tgz#ea1f7f3b80f064236e83470f86c09c254fb45b09"
    integrity sha512-ZMERYes6pDydyuGidse7OsHxtbI7WVeUEozgR/g7rd0xUimYNlvZRE/K2MgZTjWy725IfelLeVcEM97mmtRGXw==
    dependencies:
      binary-extensions "^2.0.0"
  
  is-extglob@^2.1.1:
    version "2.1.1"
    resolved "https://registry.yarnpkg.com/is-extglob/-/is-extglob-2.1.1.tgz#a88c02535791f02ed37c76a1b9ea9773c833f8c2"
    integrity sha1-qIwCU1eR8C7TfHahueqXc8gz+MI=
  
  is-glob@^4.0.1, is-glob@~4.0.1:
    version "4.0.3"
    resolved "https://registry.yarnpkg.com/is-glob/-/is-glob-4.0.3.tgz#64f61e42cbbb2eec2071a9dac0b28ba1e65d5084"
    integrity sha512-xelSayHH36ZgE7ZWhli7pW34hNbNl8Ojv5KVmkJD4hBdD3th8Tfk9vYasLM+mXWOZhFkgZfxhLSnrwRr4elSSg==
    dependencies:
      is-extglob "^2.1.1"
  
  is-number@^7.0.0:
    version "7.0.0"
    resolved "https://registry.yarnpkg.com/is-number/-/is-number-7.0.0.tgz#7535345b896734d5f80c4d06c50955527a14f12b"
    integrity sha512-41Cifkg6e8TylSpdtTpeLVMqvSBEVzTttHvERD741+pnZ8ANv0004MRL43QKPDlK9cGvNp6NZWZUBlbGXYxxng==
  
  json5@^2.1.2:
    version "2.2.0"
    resolved "https://registry.yarnpkg.com/json5/-/json5-2.2.0.tgz#2dfefe720c6ba525d9ebd909950f0515316c89a3"
    integrity sha512-f+8cldu7X/y7RAJurMEJmdoKXGB/X550w2Nr3tTbezL6RwEE/iMcm+tZnXeoZtKuOq6ft8+CqzEkrIgx1fPoQA==
    dependencies:
      minimist "^1.2.5"
  
  loader-utils@^2.0.0:
    version "2.0.2"
    resolved "https://registry.yarnpkg.com/loader-utils/-/loader-utils-2.0.2.tgz#d6e3b4fb81870721ae4e0868ab11dd638368c129"
    integrity sha512-TM57VeHptv569d/GKh6TAYdzKblwDNiumOdkFnejjD0XwTH87K90w3O7AiJRqdQoXygvi1VQTJTLGhJl7WqA7A==
    dependencies:
      big.js "^5.2.2"
      emojis-list "^3.0.0"
      json5 "^2.1.2"
  
  minimist@^1.2.5:
    version "1.2.5"
    resolved "https://registry.yarnpkg.com/minimist/-/minimist-1.2.5.tgz#67d66014b66a6a8aaa0c083c5fd58df4e4e97602"
    integrity sha512-FM9nNUYrRBAELZQT3xeZQ7fmMOBg6nWNmJKTcgsJeaLstP/UODVpGsr5OhXhhXg6f+qtJ8uiZ+PUxkDWcgIXLw==
  
  normalize-path@^3.0.0, normalize-path@~3.0.0:
    version "3.0.0"
    resolved "https://registry.yarnpkg.com/normalize-path/-/normalize-path-3.0.0.tgz#0dcd69ff23a1c9b11fd0978316644a0388216a65"
    integrity sha512-6eZs5Ls3WtCisHWp9S2GUy8dqkpGi4BVSz3GaqiE6ezub0512ESztXUwUB6C6IKbQkY2Pnb/mD4WYojCRwcwLA==
  
  picomatch@^2.0.4, picomatch@^2.2.1:
    version "2.3.1"
    resolved "https://registry.yarnpkg.com/picomatch/-/picomatch-2.3.1.tgz#3ba3833733646d9d3e4995946c1365a67fb07a42"
    integrity sha512-JU3teHTNjmE2VCGFzuY8EXzCDVwEqB2a8fsIvwaStHhAWJEeVd1o1QD80CU6+ZdEXXSLbSsuLwJjkCBWqRQUVA==
  
  readdirp@~3.6.0:
    version "3.6.0"
    resolved "https://registry.yarnpkg.com/readdirp/-/readdirp-3.6.0.tgz#74a370bd857116e245b29cc97340cd431a02a6c7"
    integrity sha512-hOS089on8RduqdbhvQ5Z37A0ESjsqz6qnRcffsMU3495FuTdqSm+7bhJ29JvIOsBDEEnan5DPu9t3To9VRlMzA==
    dependencies:
      picomatch "^2.2.1"
  
  sass@^1.49.9:
    version "1.49.9"
    resolved "https://registry.yarnpkg.com/sass/-/sass-1.49.9.tgz#b15a189ecb0ca9e24634bae5d1ebc191809712f9"
    integrity sha512-YlYWkkHP9fbwaFRZQRXgDi3mXZShslVmmo+FVK3kHLUELHHEYrCmL1x6IUjC7wLS6VuJSAFXRQS/DxdsC4xL1A==
    dependencies:
      chokidar ">=3.0.0 <4.0.0"
      immutable "^4.0.0"
      source-map-js ">=0.6.2 <2.0.0"
  
  "source-map-js@>=0.6.2 <2.0.0":
    version "1.0.2"
    resolved "https://registry.yarnpkg.com/source-map-js/-/source-map-js-1.0.2.tgz#adbc361d9c62df380125e7f161f71c826f1e490c"
    integrity sha512-R0XvVJ9WusLiqTCEiGCmICCMplcCkIwwR11mOSD9CR5u+IXYdiseeEuXCVAjS54zqwkLcPNnmU4OeJ6tUrWhDw==
  
  swc-loader@^0.1.15:
    version "0.1.15"
    resolved "https://registry.yarnpkg.com/swc-loader/-/swc-loader-0.1.15.tgz#cb9c630ccfbb46dabc5aebc5560cced658e32992"
    integrity sha512-cn1WPIeQJvXM4bbo3OwdEIapsQ4uUGOfyFj0h2+2+brT0k76DCGnZXDE2KmcqTd2JSQ+b61z2NPMib7eEwMYYw==
    dependencies:
      loader-utils "^2.0.0"
  
  to-regex-range@^5.0.1:
    version "5.0.1"
    resolved "https://registry.yarnpkg.com/to-regex-range/-/to-regex-range-5.0.1.tgz#1648c44aae7c8d988a326018ed72f5b4dd0392e4"
    integrity sha512-65P7iz6X5yEr1cwcgvQxbbIw7Uk3gOy5dIdtZ4rDveLqhrdJP+Li/Hx6tyK0NEb+2GCyneCMJiGqrADCSNk8sQ==
    dependencies:
      is-number "^7.0.0"
  
  typescript@^4.6.2:
    version "4.6.2"
    resolved "https://registry.yarnpkg.com/typescript/-/typescript-4.6.2.tgz#fe12d2727b708f4eef40f51598b3398baa9611d4"
    integrity sha512-HM/hFigTBHZhLXshn9sN37H085+hQGeJHJ/X7LpBWLID/fbc2acUMfU+lGD98X81sKP+pFa9f0DZmCwB9GnbAg==
